# JRE version: Java(TM) SE Runtime Environment (8.0_144-b01) (build 1.8.0_144-b01)
# Java VM: Java HotSpot(TM) 64-Bit Server VM (25.144-b01 mixed mode windows-amd64 compressed oops)
Heap:
 PSYoungGen      total 111104K, used 68448K [0x00000000d5f00000, 0x00000000ddb00000, 0x0000000100000000)
  eden space 101376K, 67% used [0x00000000d5f00000,0x00000000da1d8388,0x00000000dc200000)
  from space 9728K, 0% used [0x00000000dce00000,0x00000000dce00000,0x00000000dd780000)
  to   space 12288K, 0% used [0x00000000dc200000,0x00000000dc200000,0x00000000dce00000)
 ParOldGen       total 92160K, used 20759K [0x0000000081c00000, 0x0000000087600000, 0x00000000d5f00000)
  object space 92160K, 22% used [0x0000000081c00000,0x0000000083045f20,0x0000000087600000)
 Metaspace       used 41592K, capacity 42026K, committed 42240K, reserved 1085440K
  class space    used 5262K, capacity 5354K, committed 5376K, reserved 1048576K
GC Heap History (10 events):
Event: 12.893 GC heap before
{Heap before GC invocations=6 (full 1):
 PSYoungGen      total 71680K, used 66560K [0x00000000d5f00000, 0x00000000daa00000, 0x0000000100000000)
  eden space 66560K, 100% used [0x00000000d5f00000,0x00000000da000000,0x00000000da000000)
  from space 5120K, 0% used [0x00000000da500000,0x00000000da500000,0x00000000daa00000)
  to   space 5120K, 0% used [0x00000000da000000,0x00000000da000000,0x00000000da500000)
 ParOldGen       total 57344K, used 6759K [0x0000000081c00000, 0x0000000085400000, 0x00000000d5f00000)
  object space 57344K, 11% used [0x0000000081c00000,0x0000000082299c10,0x0000000085400000)
 Metaspace       used 24131K, capacity 24430K, committed 24832K, reserved 1071104K
  class space    used 2913K, capacity 2992K, committed 3072K, reserved 1048576K
Event: 12.915 GC heap after
Heap after GC invocations=6 (full 1):
 PSYoungGen      total 71680K, used 5108K [0x00000000d5f00000, 0x00000000dd780000, 0x0000000100000000)
  eden space 66560K, 0% used [0x00000000d5f00000,0x00000000d5f00000,0x00000000da000000)
  from space 5120K, 99% used [0x00000000da000000,0x00000000da4fd1d8,0x00000000da500000)
  to   space 9728K, 0% used [0x00000000dce00000,0x00000000dce00000,0x00000000dd780000)
 ParOldGen       total 57344K, used 7460K [0x0000000081c00000, 0x0000000085400000, 0x00000000d5f00000)
  object space 57344K, 13% used [0x0000000081c00000,0x0000000082349010,0x0000000085400000)
 Metaspace       used 24131K, capacity 24430K, committed 24832K, reserved 1071104K
  class space    used 2913K, capacity 2992K, committed 3072K, reserved 1048576K
}
Event: 16.310 GC heap before
{Heap before GC invocations=7 (full 1):
 PSYoungGen      total 71680K, used 71668K [0x00000000d5f00000, 0x00000000dd780000, 0x0000000100000000)
  eden space 66560K, 100% used [0x00000000d5f00000,0x00000000da000000,0x00000000da000000)
  from space 5120K, 99% used [0x00000000da000000,0x00000000da4fd1d8,0x00000000da500000)
  to   space 9728K, 0% used [0x00000000dce00000,0x00000000dce00000,0x00000000dd780000)
 ParOldGen       total 57344K, used 7460K [0x0000000081c00000, 0x0000000085400000, 0x00000000d5f00000)
  object space 57344K, 13% used [0x0000000081c00000,0x0000000082349010,0x0000000085400000)
 Metaspace       used 29195K, capacity 29494K, committed 29824K, reserved 1075200K
  class space    used 3574K, capacity 3644K, committed 3712K, reserved 1048576K
Event: 16.359 GC heap after
Heap after GC invocations=7 (full 1):
 PSYoungGen      total 111104K, used 9726K [0x00000000d5f00000, 0x00000000ddb00000, 0x0000000100000000)
  eden space 101376K, 0% used [0x00000000d5f00000,0x00000000d5f00000,0x00000000dc200000)
  from space 9728K, 99% used [0x00000000dce00000,0x00000000dd77fbd0,0x00000000dd780000)
  to   space 12288K, 0% used [0x00000000dc200000,0x00000000dc200000,0x00000000dce00000)
 ParOldGen       total 57344K, used 9806K [0x0000000081c00000, 0x0000000085400000, 0x00000000d5f00000)
  object space 57344K, 17% used [0x0000000081c00000,0x0000000082593868,0x0000000085400000)
 Metaspace       used 29195K, capacity 29494K, committed 29824K, reserved 1075200K
  class space    used 3574K, capacity 3644K, committed 3712K, reserved 1048576K
}
Event: 20.257 GC heap before
{Heap before GC invocations=8 (full 1):
 PSYoungGen      total 111104K, used 111102K [0x00000000d5f00000, 0x00000000ddb00000, 0x0000000100000000)
  eden space 101376K, 100% used [0x00000000d5f00000,0x00000000dc200000,0x00000000dc200000)
  from space 9728K, 99% used [0x00000000dce00000,0x00000000dd77fbd0,0x00000000dd780000)
  to   space 12288K, 0% used [0x00000000dc200000,0x00000000dc200000,0x00000000dce00000)
 ParOldGen       total 57344K, used 9806K [0x0000000081c00000, 0x0000000085400000, 0x00000000d5f00000)
  object space 57344K, 17% used [0x0000000081c00000,0x0000000082593868,0x0000000085400000)
 Metaspace       used 32797K, capacity 33148K, committed 33280K, reserved 1079296K
  class space    used 4004K, capacity 4093K, committed 4096K, reserved 1048576K
Event: 20.313 GC heap after
Heap after GC invocations=8 (full 1):
 PSYoungGen      total 113664K, used 12279K [0x00000000d5f00000, 0x00000000ddb00000, 0x0000000100000000)
  eden space 101376K, 0% used [0x00000000d5f00000,0x00000000d5f00000,0x00000000dc200000)
  from space 12288K, 99% used [0x00000000dc200000,0x00000000dcdfdc40,0x00000000dce00000)
  to   space 9728K, 0% used [0x00000000dce00000,0x00000000dce00000,0x00000000dd780000)
 ParOldGen       total 57344K, used 11873K [0x0000000081c00000, 0x0000000085400000, 0x00000000d5f00000)
  object space 57344K, 20% used [0x0000000081c00000,0x0000000082798610,0x0000000085400000)
 Metaspace       used 32797K, capacity 33148K, committed 33280K, reserved 1079296K
  class space    used 4004K, capacity 4093K, committed 4096K, reserved 1048576K
}
Event: 21.129 GC heap before
{Heap before GC invocations=9 (full 1):
 PSYoungGen      total 113664K, used 29166K [0x00000000d5f00000, 0x00000000ddb00000, 0x0000000100000000)
  eden space 101376K, 16% used [0x00000000d5f00000,0x00000000d6f7dd88,0x00000000dc200000)
  from space 12288K, 99% used [0x00000000dc200000,0x00000000dcdfdc40,0x00000000dce00000)
  to   space 9728K, 0% used [0x00000000dce00000,0x00000000dce00000,0x00000000dd780000)
 ParOldGen       total 57344K, used 11873K [0x0000000081c00000, 0x0000000085400000, 0x00000000d5f00000)
  object space 57344K, 20% used [0x0000000081c00000,0x0000000082798610,0x0000000085400000)
 Metaspace       used 34876K, capacity 35300K, committed 35496K, reserved 1081344K
  class space    used 4204K, capacity 4329K, committed 4352K, reserved 1048576K
Event: 21.159 GC heap after
Heap after GC invocations=9 (full 1):
 PSYoungGen      total 111104K, used 9721K [0x00000000d5f00000, 0x00000000ddb00000, 0x0000000100000000)
  eden space 101376K, 0% used [0x00000000d5f00000,0x00000000d5f00000,0x00000000dc200000)
  from space 9728K, 99% used [0x00000000dce00000,0x00000000dd77e4b8,0x00000000dd780000)
  to   space 12288K, 0% used [0x00000000dc200000,0x00000000dc200000,0x00000000dce00000)
 ParOldGen       total 57344K, used 16986K [0x0000000081c00000, 0x0000000085400000, 0x00000000d5f00000)
  object space 57344K, 29% used [0x0000000081c00000,0x0000000082c96920,0x0000000085400000)
 Metaspace       used 34876K, capacity 35300K, committed 35496K, reserved 1081344K
  class space    used 4204K, capacity 4329K, committed 4352K, reserved 1048576K
}
Event: 21.159 GC heap before
{Heap before GC invocations=10 (full 2):
 PSYoungGen      total 111104K, used 9721K [0x00000000d5f00000, 0x00000000ddb00000, 0x0000000100000000)
  eden space 101376K, 0% used [0x00000000d5f00000,0x00000000d5f00000,0x00000000dc200000)
  from space 9728K, 99% used [0x00000000dce00000,0x00000000dd77e4b8,0x00000000dd780000)
  to   space 12288K, 0% used [0x00000000dc200000,0x00000000dc200000,0x00000000dce00000)
 ParOldGen       total 57344K, used 16986K [0x0000000081c00000, 0x0000000085400000, 0x00000000d5f00000)
  object space 57344K, 29% used [0x0000000081c00000,0x0000000082c96920,0x0000000085400000)
 Metaspace       used 34876K, capacity 35300K, committed 35496K, reserved 1081344K
  class space    used 4204K, capacity 4329K, committed 4352K, reserved 1048576K
Event: 21.359 GC heap after
Heap after GC invocations=10 (full 2):
 PSYoungGen      total 111104K, used 0K [0x00000000d5f00000, 0x00000000ddb00000, 0x0000000100000000)
  eden space 101376K, 0% used [0x00000000d5f00000,0x00000000d5f00000,0x00000000dc200000)
  from space 9728K, 0% used [0x00000000dce00000,0x00000000dce00000,0x00000000dd780000)
  to   space 12288K, 0% used [0x00000000dc200000,0x00000000dc200000,0x00000000dce00000)
 ParOldGen       total 92160K, used 20759K [0x0000000081c00000, 0x0000000087600000, 0x00000000d5f00000)
  object space 92160K, 22% used [0x0000000081c00000,0x0000000083045f20,0x0000000087600000)
 Metaspace       used 34876K, capacity 35300K, committed 35496K, reserved 1081344K
  class space    used 4204K, capacity 4329K, committed 4352K, reserved 1048576K
}

